SF:lib\models\coin.dart
DA:18,1
DA:32,1
DA:36,1
DA:37,1
DA:38,1
DA:39,1
DA:40,1
DA:41,1
DA:42,1
LF:9
LH:9
end_of_record
SF:lib\repositories\coin_repository.dart
DA:19,0
DA:22,1
DA:23,1
DA:28,1
DA:29,3
DA:30,2
DA:31,1
DA:32,1
DA:33,2
DA:34,2
DA:36,2
DA:38,0
DA:45,1
DA:46,2
DA:47,1
DA:48,2
DA:51,1
DA:52,2
DA:53,0
DA:54,0
DA:55,0
DA:56,0
DA:57,0
DA:64,1
DA:70,3
DA:73,2
DA:76,1
DA:80,1
DA:81,1
DA:82,3
DA:85,1
DA:86,1
DA:87,1
DA:91,1
LF:34
LH:27
end_of_record
SF:lib\component\HelperText.dart
DA:6,2
DA:8,1
DA:10,1
DA:11,2
LF:4
LH:4
end_of_record
SF:lib\component\botao.dart
DA:9,1
DA:16,0
DA:18,1
DA:19,1
DA:23,1
DA:25,1
DA:26,2
DA:27,1
DA:28,4
DA:29,1
DA:30,1
DA:31,4
DA:33,1
DA:34,2
LF:14
LH:13
end_of_record
